[0.029s] Invoking command in '/home/rasd/ros2_ws/src/build/rasd_elev_profile': CMAKE_PREFIX_PATH=${CMAKE_PREFIX_PATH}:/home/rasd/ros2_ws/install/rasd_tf:/home/rasd/ros2_ws/install/rasd_roi_filter:/home/rasd/ros2_ws/install/rasd_camera:/opt/ros/humble /usr/bin/cmake /home/rasd/ros2_ws/src/rasd_elev_profile -DAMENT_CMAKE_SYMLINK_INSTALL=1 -DCMAKE_INSTALL_PREFIX=/home/rasd/ros2_ws/src/install/rasd_elev_profile
[0.636s] -- The C compiler identification is GNU 11.4.0
[1.089s] -- The CXX compiler identification is GNU 11.4.0
[1.122s] -- Detecting C compiler ABI info
[1.337s] -- Detecting C compiler ABI info - done
[1.354s] -- Check for working C compiler: /usr/bin/cc - skipped
[1.356s] -- Detecting C compile features
[1.358s] -- Detecting C compile features - done
[1.369s] -- Detecting CXX compiler ABI info
[1.589s] -- Detecting CXX compiler ABI info - done
[1.613s] -- Check for working CXX compiler: /usr/bin/c++ - skipped
[1.614s] -- Detecting CXX compile features
[1.615s] -- Detecting CXX compile features - done
[1.632s] -- Found ament_cmake: 1.3.12 (/opt/ros/humble/share/ament_cmake/cmake)
[2.103s] -- Found Python3: /usr/bin/python3 (found version "3.10.12") found components: Interpreter 
[2.337s] -- Override CMake install command with custom implementation using symlinks instead of copying resources
[2.492s] -- Found rclcpp: 16.0.15 (/opt/ros/humble/share/rclcpp/cmake)
[2.679s] -- Found rosidl_generator_c: 3.1.7 (/opt/ros/humble/share/rosidl_generator_c/cmake)
[2.700s] -- Found rosidl_adapter: 3.1.7 (/opt/ros/humble/share/rosidl_adapter/cmake)
[2.732s] -- Found rosidl_generator_cpp: 3.1.7 (/opt/ros/humble/share/rosidl_generator_cpp/cmake)
[2.778s] -- Using all available rosidl_typesupport_c: rosidl_typesupport_fastrtps_c;rosidl_typesupport_introspection_c
[2.885s] -- Using all available rosidl_typesupport_cpp: rosidl_typesupport_fastrtps_cpp;rosidl_typesupport_introspection_cpp
[3.070s] -- Found rmw_implementation_cmake: 6.1.2 (/opt/ros/humble/share/rmw_implementation_cmake/cmake)
[3.086s] -- Found rmw_fastrtps_cpp: 6.2.9 (/opt/ros/humble/share/rmw_fastrtps_cpp/cmake)
[3.420s] -- Found OpenSSL: /usr/lib/aarch64-linux-gnu/libcrypto.so (found version "3.0.2")  
[3.505s] -- Found FastRTPS: /opt/ros/humble/include  
[3.618s] -- Using RMW implementation 'rmw_fastrtps_cpp' as default
[3.658s] -- Looking for pthread.h
[3.877s] -- Looking for pthread.h - found
[3.878s] -- Performing Test CMAKE_HAVE_LIBC_PTHREAD
[4.089s] -- Performing Test CMAKE_HAVE_LIBC_PTHREAD - Success
[4.093s] -- Found Threads: TRUE  
[4.319s] -- Found sensor_msgs: 4.9.0 (/opt/ros/humble/share/sensor_msgs/cmake)
[4.425s] -- Found visualization_msgs: 4.9.0 (/opt/ros/humble/share/visualization_msgs/cmake)
[4.484s] -- Found pcl_conversions: 2.4.5 (/opt/ros/humble/share/pcl_conversions/cmake)
[4.599s] -- Checking for module 'eigen3'
[4.631s] --   Found eigen3, version 3.4.0
[4.722s] -- Found Eigen: /usr/include/eigen3 (Required is at least version "3.1") 
[4.722s] -- Eigen found (include: /usr/include/eigen3, version: 3.4.0)
[4.873s] -- Checking for module 'flann'
[4.910s] --   Found flann, version 1.9.1
[5.023s] -- Found FLANN: /usr/lib/aarch64-linux-gnu/libflann_cpp.so  
[5.024s] -- FLANN found (include: /usr/include, lib: /usr/lib/aarch64-linux-gnu/libflann_cpp.so)
[8.101s] -- Checking for module 'libusb-1.0'
[8.147s] --   Found libusb-1.0, version 1.0.25
[8.249s] -- Found libusb: /usr/lib/aarch64-linux-gnu/libusb-1.0.so  
[8.254s] -- OpenNI found (version: 1.5.4.0, include: /usr/include/ni, lib: /usr/lib/libOpenNI.so;libusb::libusb)
[8.431s] -- OpenNI2 found (version: 2.2.0.33, include: /usr/include/openni2, lib: /usr/lib/aarch64-linux-gnu/libOpenNI2.so;libusb::libusb)
[8.839s] -- Eigen found (include: /usr/include/eigen3, version: 3.4.0)
[8.869s] -- OpenNI found (version: 1.5.4.0, include: /usr/include/ni, lib: /usr/lib/libOpenNI.so;libusb::libusb)
[8.895s] -- OpenNI2 found (version: 2.2.0.33, include: /usr/include/openni2, lib: /usr/lib/aarch64-linux-gnu/libOpenNI2.so;libusb::libusb)
[9.300s] -- Found Qhull version 8.0.2
[9.700s] -- OpenNI found (version: 1.5.4.0, include: /usr/include/ni, lib: /usr/lib/libOpenNI.so;libusb::libusb)
[10.121s] -- Found PCL_COMMON: /usr/lib/aarch64-linux-gnu/libpcl_common.so  
[10.124s] -- Found PCL_KDTREE: /usr/lib/aarch64-linux-gnu/libpcl_kdtree.so  
[10.126s] -- Found PCL_OCTREE: /usr/lib/aarch64-linux-gnu/libpcl_octree.so  
[10.129s] -- Found PCL_SEARCH: /usr/lib/aarch64-linux-gnu/libpcl_search.so  
[10.132s] -- Found PCL_SAMPLE_CONSENSUS: /usr/lib/aarch64-linux-gnu/libpcl_sample_consensus.so  
[10.134s] -- Found PCL_FILTERS: /usr/lib/aarch64-linux-gnu/libpcl_filters.so  
[10.135s] -- Found PCL_2D: /usr/include/pcl-1.12  
[10.137s] -- Found PCL_GEOMETRY: /usr/include/pcl-1.12  
[10.139s] -- Found PCL_IO: /usr/lib/aarch64-linux-gnu/libpcl_io.so  
[10.143s] -- Found PCL_FEATURES: /usr/lib/aarch64-linux-gnu/libpcl_features.so  
[10.148s] -- Found PCL_ML: /usr/lib/aarch64-linux-gnu/libpcl_ml.so  
[10.151s] -- Found PCL_SEGMENTATION: /usr/lib/aarch64-linux-gnu/libpcl_segmentation.so  
[10.154s] -- Found PCL_VISUALIZATION: /usr/lib/aarch64-linux-gnu/libpcl_visualization.so  
[10.157s] -- Found PCL_SURFACE: /usr/lib/aarch64-linux-gnu/libpcl_surface.so  
[10.160s] -- Found PCL_REGISTRATION: /usr/lib/aarch64-linux-gnu/libpcl_registration.so  
[10.163s] -- Found PCL_KEYPOINTS: /usr/lib/aarch64-linux-gnu/libpcl_keypoints.so  
[10.165s] -- Found PCL_TRACKING: /usr/lib/aarch64-linux-gnu/libpcl_tracking.so  
[10.168s] -- Found PCL_RECOGNITION: /usr/lib/aarch64-linux-gnu/libpcl_recognition.so  
[10.171s] -- Found PCL_STEREO: /usr/lib/aarch64-linux-gnu/libpcl_stereo.so  
[10.174s] -- Found PCL_APPS: /usr/lib/aarch64-linux-gnu/libpcl_apps.so  
[10.176s] -- Found PCL_IN_HAND_SCANNER: /usr/include/pcl-1.12  
[10.178s] -- Found PCL_MODELER: /usr/include/pcl-1.12  
[10.181s] -- Found PCL_POINT_CLOUD_EDITOR: /usr/include/pcl-1.12  
[10.185s] -- Found PCL_OUTOFCORE: /usr/lib/aarch64-linux-gnu/libpcl_outofcore.so  
[10.187s] -- Found PCL_PEOPLE: /usr/lib/aarch64-linux-gnu/libpcl_people.so  
[10.200s] -- Found ament_lint_auto: 0.12.14 (/opt/ros/humble/share/ament_lint_auto/cmake)
[10.553s] -- Added test 'cppcheck' to perform static code analysis on C / C++ code
[10.554s] -- Configured cppcheck include dirs: 
[10.554s] -- Configured cppcheck exclude dirs and/or files: 
[10.558s] -- Added test 'lint_cmake' to check CMake code style
[10.563s] -- Added test 'uncrustify' to check C / C++ code style
[10.563s] -- Configured uncrustify additional arguments: 
[10.566s] -- Added test 'xmllint' to check XML markup files
[10.574s] -- Configuring done
[10.759s] -- Generating done
[10.796s] -- Build files have been written to: /home/rasd/ros2_ws/src/build/rasd_elev_profile
[10.882s] Invoked command in '/home/rasd/ros2_ws/src/build/rasd_elev_profile' returned '0': CMAKE_PREFIX_PATH=${CMAKE_PREFIX_PATH}:/home/rasd/ros2_ws/install/rasd_tf:/home/rasd/ros2_ws/install/rasd_roi_filter:/home/rasd/ros2_ws/install/rasd_camera:/opt/ros/humble /usr/bin/cmake /home/rasd/ros2_ws/src/rasd_elev_profile -DAMENT_CMAKE_SYMLINK_INSTALL=1 -DCMAKE_INSTALL_PREFIX=/home/rasd/ros2_ws/src/install/rasd_elev_profile
[10.887s] Invoking command in '/home/rasd/ros2_ws/src/build/rasd_elev_profile': CMAKE_PREFIX_PATH=${CMAKE_PREFIX_PATH}:/home/rasd/ros2_ws/install/rasd_tf:/home/rasd/ros2_ws/install/rasd_roi_filter:/home/rasd/ros2_ws/install/rasd_camera:/opt/ros/humble /usr/bin/cmake --build /home/rasd/ros2_ws/src/build/rasd_elev_profile -- -j6 -l6
[11.036s] [ 50%] [32mBuilding CXX object CMakeFiles/elevation_profile_node.dir/src/elevation_profile_node.cpp.o[0m
[28.610s] [01m[K/home/rasd/ros2_ws/src/rasd_elev_profile/src/elevation_profile_node.cpp:351:37:[m[K [01;35m[Kwarning: [m[Kuse of â€˜[01m[Kauto[m[Kâ€™ in parameter declaration only available with â€˜[01m[K-std=c++20[m[Kâ€™ or â€˜[01m[K-fconcepts[m[Kâ€™
[28.610s]   351 | void publishBumps(const std::vector<[01;35m[Kauto[m[K>& dets, const std::vector<float>& baseline)
[28.611s]       |                                     [01;35m[K^~~~[m[K
[28.867s] [01m[K/home/rasd/ros2_ws/src/rasd_elev_profile/src/elevation_profile_node.cpp:[m[K In member function â€˜[01m[Kvoid SpeedbumpProfileNode::cloudCallback(sensor_msgs::msg::PointCloud2_<std::allocator<void> >::SharedPtr)[m[Kâ€™:
[28.868s] [01m[K/home/rasd/ros2_ws/src/rasd_elev_profile/src/elevation_profile_node.cpp:238:25:[m[K [01;35m[Kwarning: [m[Kcomparison of integer expressions of different signedness: â€˜[01m[Kstd::deque<std::vector<int> >::size_type[m[Kâ€™ {aka â€˜[01m[Klong unsigned int[m[Kâ€™} and â€˜[01m[Kint[m[Kâ€™ [[01;35m[K]8;;https://gcc.gnu.org/onlinedocs/gcc/Warning-Options.html#index-Wsign-compare-Wsign-compare]8;;[m[K]
[28.868s]   238 |     if ([01;35m[Khistory_.size() > history_size_[m[K) history_.pop_front();
[28.868s]       |         [01;35m[K~~~~~~~~~~~~~~~~^~~~~~~~~~~~~~~[m[K
[28.868s] [01m[K/home/rasd/ros2_ws/src/rasd_elev_profile/src/elevation_profile_node.cpp:242:25:[m[K [01;35m[Kwarning: [m[Kcomparison of integer expressions of different signedness: â€˜[01m[Kstd::deque<std::vector<int> >::size_type[m[Kâ€™ {aka â€˜[01m[Klong unsigned int[m[Kâ€™} and â€˜[01m[Kint[m[Kâ€™ [[01;35m[K]8;;https://gcc.gnu.org/onlinedocs/gcc/Warning-Options.html#index-Wsign-compare-Wsign-compare]8;;[m[K]
[28.869s]   242 |     if ([01;35m[Khistory_.size() == history_size_[m[K)
[28.869s]       |         [01;35m[K~~~~~~~~~~~~~~~~^~~~~~~~~~~~~~~~[m[K
[28.880s] [01m[K/home/rasd/ros2_ws/src/rasd_elev_profile/src/elevation_profile_node.cpp:297:40:[m[K [01;31m[Kerror: [m[Kno matching function for call to â€˜[01m[Kclamp(double, float, float)[m[Kâ€™
[28.880s]   297 |         float height_score = [01;31m[Kstd::clamp((maxdz - bump_min_height_) /[m[K
[28.880s]       |                              [01;31m[K~~~~~~~~~~^~~~~~~~~~~~~~~~~~~~~~~~~~~~~[m[K
[28.881s]   298 | [01;31m[K                                        (bump_max_height_ - bump_min_height_), 0.0f, 1.0f)[m[K;
[28.881s]       |                                         [01;31m[K~~~~~~~~~~~~~~~~~~~~~~~~~~~~~~~~~~~~~~~~~~~~~~~~~~[m[K
[28.882s] In file included from [01m[K/usr/include/c++/11/algorithm:62[m[K,
[28.882s]                  from [01m[K/opt/ros/humble/include/rclcpp/rclcpp/executor.hpp:18[m[K,
[28.883s]                  from [01m[K/opt/ros/humble/include/rclcpp/rclcpp/executors/multi_threaded_executor.hpp:25[m[K,
[28.883s]                  from [01m[K/opt/ros/humble/include/rclcpp/rclcpp/executors.hpp:21[m[K,
[28.883s]                  from [01m[K/opt/ros/humble/include/rclcpp/rclcpp/rclcpp.hpp:155[m[K,
[28.883s]                  from [01m[K/home/rasd/ros2_ws/src/rasd_elev_profile/src/elevation_profile_node.cpp:1[m[K:
[28.883s] [01m[K/usr/include/c++/11/bits/stl_algo.h:3656:5:[m[K [01;36m[Knote: [m[Kcandidate: â€˜[01m[Ktemplate<class _Tp> constexpr const _Tp& std::clamp(const _Tp&, const _Tp&, const _Tp&)[m[Kâ€™
[28.883s]  3656 |     [01;36m[Kclamp[m[K(const _Tp& __val, const _Tp& __lo, const _Tp& __hi)
[28.883s]       |     [01;36m[K^~~~~[m[K
[28.884s] [01m[K/usr/include/c++/11/bits/stl_algo.h:3656:5:[m[K [01;36m[Knote: [m[K  template argument deduction/substitution failed:
[28.884s] [01m[K/home/rasd/ros2_ws/src/rasd_elev_profile/src/elevation_profile_node.cpp:297:40:[m[K [01;36m[Knote: [m[K  deduced conflicting types for parameter â€˜[01m[Kconst _Tp[m[Kâ€™ (â€˜[01m[Kdouble[m[Kâ€™ and â€˜[01m[Kfloat[m[Kâ€™)
[28.884s]   297 |         float height_score = [01;36m[Kstd::clamp((maxdz - bump_min_height_) /[m[K
[28.884s]       |                              [01;36m[K~~~~~~~~~~^~~~~~~~~~~~~~~~~~~~~~~~~~~~~[m[K
[28.884s]   298 | [01;36m[K                                        (bump_max_height_ - bump_min_height_), 0.0f, 1.0f)[m[K;
[28.885s]       |                                         [01;36m[K~~~~~~~~~~~~~~~~~~~~~~~~~~~~~~~~~~~~~~~~~~~~~~~~~~[m[K
[28.885s] In file included from [01m[K/usr/include/c++/11/algorithm:62[m[K,
[28.885s]                  from [01m[K/opt/ros/humble/include/rclcpp/rclcpp/executor.hpp:18[m[K,
[28.885s]                  from [01m[K/opt/ros/humble/include/rclcpp/rclcpp/executors/multi_threaded_executor.hpp:25[m[K,
[28.885s]                  from [01m[K/opt/ros/humble/include/rclcpp/rclcpp/executors.hpp:21[m[K,
[28.886s]                  from [01m[K/opt/ros/humble/include/rclcpp/rclcpp/rclcpp.hpp:155[m[K,
[28.886s]                  from [01m[K/home/rasd/ros2_ws/src/rasd_elev_profile/src/elevation_profile_node.cpp:1[m[K:
[28.886s] [01m[K/usr/include/c++/11/bits/stl_algo.h:3674:5:[m[K [01;36m[Knote: [m[Kcandidate: â€˜[01m[Ktemplate<class _Tp, class _Compare> constexpr const _Tp& std::clamp(const _Tp&, const _Tp&, const _Tp&, _Compare)[m[Kâ€™
[28.886s]  3674 |     [01;36m[Kclamp[m[K(const _Tp& __val, const _Tp& __lo, const _Tp& __hi, _Compare __comp)
[28.886s]       |     [01;36m[K^~~~~[m[K
[28.886s] [01m[K/usr/include/c++/11/bits/stl_algo.h:3674:5:[m[K [01;36m[Knote: [m[K  template argument deduction/substitution failed:
[28.886s] [01m[K/home/rasd/ros2_ws/src/rasd_elev_profile/src/elevation_profile_node.cpp:297:40:[m[K [01;36m[Knote: [m[K  deduced conflicting types for parameter â€˜[01m[Kconst _Tp[m[Kâ€™ (â€˜[01m[Kdouble[m[Kâ€™ and â€˜[01m[Kfloat[m[Kâ€™)
[28.887s]   297 |         float height_score = [01;36m[Kstd::clamp((maxdz - bump_min_height_) /[m[K
[28.887s]       |                              [01;36m[K~~~~~~~~~~^~~~~~~~~~~~~~~~~~~~~~~~~~~~~[m[K
[28.887s]   298 | [01;36m[K                                        (bump_max_height_ - bump_min_height_), 0.0f, 1.0f)[m[K;
[28.887s]       |                                         [01;36m[K~~~~~~~~~~~~~~~~~~~~~~~~~~~~~~~~~~~~~~~~~~~~~~~~~~[m[K
[39.936s] gmake[2]: *** [CMakeFiles/elevation_profile_node.dir/build.make:76: CMakeFiles/elevation_profile_node.dir/src/elevation_profile_node.cpp.o] Error 1
[39.936s] gmake[1]: *** [CMakeFiles/Makefile2:137: CMakeFiles/elevation_profile_node.dir/all] Error 2
[39.937s] gmake: *** [Makefile:146: all] Error 2
[39.945s] Invoked command in '/home/rasd/ros2_ws/src/build/rasd_elev_profile' returned '2': CMAKE_PREFIX_PATH=${CMAKE_PREFIX_PATH}:/home/rasd/ros2_ws/install/rasd_tf:/home/rasd/ros2_ws/install/rasd_roi_filter:/home/rasd/ros2_ws/install/rasd_camera:/opt/ros/humble /usr/bin/cmake --build /home/rasd/ros2_ws/src/build/rasd_elev_profile -- -j6 -l6
